<?xml version="1.0" encoding="UTF-8"?>
<!-- Generated by org.testng.reporters.JUnitReportReporter -->
<testsuite skipped="0" hostname="SCS-R37" name="com.voyager.qa.testcases.SearchPageTest" tests="2" failures="0" timestamp="09 Apr 2019 12:04:30 GMT" time="31.906" errors="0">
  <testcase name="PrintPrizeValues" time="16.201" classname="com.voyager.qa.testcases.SearchPageTest"/>
  <testcase name="selectprizeorder" time="15.705" classname="com.voyager.qa.testcases.SearchPageTest"/>
</testsuite> <!-- com.voyager.qa.testcases.SearchPageTest -->
