<?xml version="1.0" encoding="UTF-8"?>
<!-- Generated by org.testng.reporters.JUnitReportReporter -->
<testsuite skipped="0" hostname="SCS-R37" name="com.voyager.qa.testcases.AgentPageTest" tests="1" failures="0" timestamp="09 Apr 2019 12:04:30 GMT" time="29.352" errors="0">
  <testcase name="Agent_Same_Name_Info" time="29.352" classname="com.voyager.qa.testcases.AgentPageTest"/>
</testsuite> <!-- com.voyager.qa.testcases.AgentPageTest -->
