<?xml version="1.0" encoding="UTF-8"?>
<!-- Generated by org.testng.reporters.JUnitReportReporter -->
<testsuite skipped="0" hostname="SCS-R37" name="com.voyager.qa.testcases.ZooplaHomePageTest" tests="1" failures="0" timestamp="09 Apr 2019 12:04:30 GMT" time="12.544" errors="0">
  <testcase name="searchlocationTest" time="12.544" classname="com.voyager.qa.testcases.ZooplaHomePageTest"/>
</testsuite> <!-- com.voyager.qa.testcases.ZooplaHomePageTest -->
